<?xml version="1.0" encoding="UTF-8"?>
<coverage generated="1711098252206" clover="3.2.0">
  <project timestamp="1711098252207" name="All files">
    <metrics statements="35" coveredstatements="27" conditionals="35" coveredconditionals="31" methods="9" coveredmethods="6" elements="79" coveredelements="64" complexity="0" loc="35" ncloc="35" packages="3" files="3" classes="3"/>
    <package name="configs">
      <metrics statements="5" coveredstatements="5" conditionals="30" coveredconditionals="29" methods="0" coveredmethods="0"/>
      <file name="index.js" path="D:\NodeJs\eCommerce\api-server\src\configs\index.js">
        <metrics statements="5" coveredstatements="5" conditionals="30" coveredconditionals="29" methods="0" coveredmethods="0"/>
        <line num="1" count="1" type="stmt"/>
        <line num="27" count="1" type="stmt"/>
        <line num="53" count="1" type="stmt"/>
        <line num="54" count="1" type="cond" truecount="1" falsecount="1"/>
        <line num="55" count="1" type="stmt"/>
      </file>
    </package>
    <package name="dbs">
      <metrics statements="14" coveredstatements="13" conditionals="3" coveredconditionals="2" methods="6" coveredmethods="5"/>
      <file name="init.mongodb.js" path="D:\NodeJs\eCommerce\api-server\src\dbs\init.mongodb.js">
        <metrics statements="14" coveredstatements="13" conditionals="3" coveredconditionals="2" methods="6" coveredmethods="5"/>
        <line num="1" count="1" type="stmt"/>
        <line num="2" count="1" type="stmt"/>
        <line num="12" count="1" type="stmt"/>
        <line num="13" count="1" type="stmt"/>
        <line num="14" count="1" type="stmt"/>
        <line num="17" count="1" type="stmt"/>
        <line num="18" count="1" type="stmt"/>
        <line num="20" count="0" type="stmt"/>
        <line num="23" count="1" type="stmt"/>
        <line num="26" count="1" type="cond" truecount="1" falsecount="1"/>
        <line num="27" count="1" type="stmt"/>
        <line num="29" count="1" type="stmt"/>
        <line num="33" count="1" type="stmt"/>
        <line num="35" count="1" type="stmt"/>
      </file>
    </package>
    <package name="helpers">
      <metrics statements="16" coveredstatements="9" conditionals="2" coveredconditionals="0" methods="3" coveredmethods="1"/>
      <file name="check.connect.js" path="D:\NodeJs\eCommerce\api-server\src\helpers\check.connect.js">
        <metrics statements="16" coveredstatements="9" conditionals="2" coveredconditionals="0" methods="3" coveredmethods="1"/>
        <line num="1" count="1" type="stmt"/>
        <line num="2" count="1" type="stmt"/>
        <line num="3" count="1" type="stmt"/>
        <line num="4" count="1" type="stmt"/>
        <line num="7" count="1" type="stmt"/>
        <line num="8" count="1" type="stmt"/>
        <line num="9" count="1" type="stmt"/>
        <line num="12" count="1" type="stmt"/>
        <line num="13" count="0" type="stmt"/>
        <line num="14" count="0" type="stmt"/>
        <line num="15" count="0" type="stmt"/>
        <line num="16" count="0" type="stmt"/>
        <line num="19" count="0" type="stmt"/>
        <line num="20" count="0" type="cond" truecount="0" falsecount="2"/>
        <line num="21" count="0" type="stmt"/>
        <line num="28" count="1" type="stmt"/>
      </file>
    </package>
  </project>
</coverage>
