{"D:\\NodeJs\\eCommerce\\api-server\\src\\configs\\index.js": {"path":"D:\\NodeJs\\eCommerce\\api-server\\src\\configs\\index.js","statementMap":{"0":{"start":{"line":1,"column":12},"end":{"line":25,"column":1}},"1":{"start":{"line":27,"column":12},"end":{"line":51,"column":1}},"2":{"start":{"line":53,"column":14},"end":{"line":53,"column":25}},"3":{"start":{"line":54,"column":12},"end":{"line":54,"column":41}},"4":{"start":{"line":55,"column":0},"end":{"line":55,"column":29}}},"fnMap":{},"branchMap":{"0":{"loc":{"start":{"line":4,"column":13},"end":{"line":4,"column":48}},"type":"binary-expr","locations":[{"start":{"line":4,"column":13},"end":{"line":4,"column":40}},{"start":{"line":4,"column":44},"end":{"line":4,"column":48}}],"line":4},"1":{"loc":{"start":{"line":5,"column":9},"end":{"line":5,"column":66}},"type":"binary-expr","locations":[{"start":{"line":5,"column":9},"end":{"line":5,"column":32}},{"start":{"line":5,"column":36},"end":{"line":5,"column":66}}],"line":5},"2":{"loc":{"start":{"line":7,"column":8},"end":{"line":7,"column":36}},"type":"binary-expr","locations":[{"start":{"line":7,"column":8},"end":{"line":7,"column":28}},{"start":{"line":7,"column":32},"end":{"line":7,"column":36}}],"line":7},"3":{"loc":{"start":{"line":8,"column":12},"end":{"line":8,"column":78}},"type":"binary-expr","locations":[{"start":{"line":8,"column":12},"end":{"line":8,"column":37}},{"start":{"line":8,"column":41},"end":{"line":8,"column":78}}],"line":8},"4":{"loc":{"start":{"line":10,"column":11},"end":{"line":10,"column":52}},"type":"binary-expr","locations":[{"start":{"line":10,"column":11},"end":{"line":10,"column":43}},{"start":{"line":10,"column":47},"end":{"line":10,"column":52}}],"line":10},"5":{"loc":{"start":{"line":11,"column":14},"end":{"line":11,"column":58}},"type":"binary-expr","locations":[{"start":{"line":11,"column":14},"end":{"line":11,"column":49}},{"start":{"line":11,"column":53},"end":{"line":11,"column":58}}],"line":11},"6":{"loc":{"start":{"line":13,"column":16},"end":{"line":13,"column":50}},"type":"binary-expr","locations":[{"start":{"line":13,"column":16},"end":{"line":13,"column":38}},{"start":{"line":13,"column":42},"end":{"line":13,"column":50}}],"line":13},"7":{"loc":{"start":{"line":30,"column":13},"end":{"line":30,"column":49}},"type":"binary-expr","locations":[{"start":{"line":30,"column":13},"end":{"line":30,"column":41}},{"start":{"line":30,"column":45},"end":{"line":30,"column":49}}],"line":30},"8":{"loc":{"start":{"line":31,"column":9},"end":{"line":31,"column":67}},"type":"binary-expr","locations":[{"start":{"line":31,"column":9},"end":{"line":31,"column":33}},{"start":{"line":31,"column":37},"end":{"line":31,"column":67}}],"line":31},"9":{"loc":{"start":{"line":33,"column":8},"end":{"line":33,"column":37}},"type":"binary-expr","locations":[{"start":{"line":33,"column":8},"end":{"line":33,"column":29}},{"start":{"line":33,"column":33},"end":{"line":33,"column":37}}],"line":33},"10":{"loc":{"start":{"line":34,"column":12},"end":{"line":34,"column":79}},"type":"binary-expr","locations":[{"start":{"line":34,"column":12},"end":{"line":34,"column":38}},{"start":{"line":34,"column":42},"end":{"line":34,"column":79}}],"line":34},"11":{"loc":{"start":{"line":36,"column":11},"end":{"line":36,"column":53}},"type":"binary-expr","locations":[{"start":{"line":36,"column":11},"end":{"line":36,"column":44}},{"start":{"line":36,"column":48},"end":{"line":36,"column":53}}],"line":36},"12":{"loc":{"start":{"line":37,"column":14},"end":{"line":37,"column":59}},"type":"binary-expr","locations":[{"start":{"line":37,"column":14},"end":{"line":37,"column":50}},{"start":{"line":37,"column":54},"end":{"line":37,"column":59}}],"line":37},"13":{"loc":{"start":{"line":39,"column":16},"end":{"line":39,"column":51}},"type":"binary-expr","locations":[{"start":{"line":39,"column":16},"end":{"line":39,"column":39}},{"start":{"line":39,"column":43},"end":{"line":39,"column":51}}],"line":39},"14":{"loc":{"start":{"line":54,"column":12},"end":{"line":54,"column":41}},"type":"binary-expr","locations":[{"start":{"line":54,"column":12},"end":{"line":54,"column":32}},{"start":{"line":54,"column":36},"end":{"line":54,"column":41}}],"line":54}},"s":{"0":1,"1":1,"2":1,"3":1,"4":1},"f":{},"b":{"0":[1,1],"1":[1,1],"2":[1,1],"3":[1,1],"4":[1,1],"5":[1,1],"6":[1,1],"7":[1,1],"8":[1,1],"9":[1,1],"10":[1,1],"11":[1,1],"12":[1,1],"13":[1,1],"14":[1,0]},"_coverageSchema":"1a1c01bbd47fc00a2c39e90264f33305004495a9","hash":"abcd2c0116cfb5f69103483f5b99865b68ef3a26"}
,"D:\\NodeJs\\eCommerce\\api-server\\src\\dbs\\init.mongodb.js": {"path":"D:\\NodeJs\\eCommerce\\api-server\\src\\dbs\\init.mongodb.js","statementMap":{"0":{"start":{"line":1,"column":17},"end":{"line":1,"column":36}},"1":{"start":{"line":2,"column":21},"end":{"line":2,"column":42}},"2":{"start":{"line":12,"column":4},"end":{"line":12,"column":32}},"3":{"start":{"line":13,"column":4},"end":{"line":13,"column":43}},"4":{"start":{"line":14,"column":4},"end":{"line":20,"column":40}},"5":{"start":{"line":17,"column":8},"end":{"line":17,"column":53}},"6":{"start":{"line":18,"column":8},"end":{"line":18,"column":59}},"7":{"start":{"line":20,"column":22},"end":{"line":20,"column":38}},"8":{"start":{"line":23,"column":3},"end":{"line":23,"column":37}},"9":{"start":{"line":26,"column":4},"end":{"line":28,"column":5}},"10":{"start":{"line":27,"column":6},"end":{"line":27,"column":41}},"11":{"start":{"line":29,"column":4},"end":{"line":29,"column":29}},"12":{"start":{"line":33,"column":24},"end":{"line":33,"column":46}},"13":{"start":{"line":35,"column":0},"end":{"line":35,"column":33}}},"fnMap":{"0":{"name":"(anonymous_0)","decl":{"start":{"line":4,"column":2},"end":{"line":4,"column":3}},"loc":{"start":{"line":4,"column":16},"end":{"line":6,"column":3}},"line":4},"1":{"name":"(anonymous_1)","decl":{"start":{"line":8,"column":2},"end":{"line":8,"column":3}},"loc":{"start":{"line":10,"column":4},"end":{"line":21,"column":3}},"line":10},"2":{"name":"(anonymous_2)","decl":{"start":{"line":16,"column":12},"end":{"line":16,"column":13}},"loc":{"start":{"line":16,"column":19},"end":{"line":19,"column":7}},"line":16},"3":{"name":"(anonymous_3)","decl":{"start":{"line":20,"column":13},"end":{"line":20,"column":14}},"loc":{"start":{"line":20,"column":22},"end":{"line":20,"column":38}},"line":20},"4":{"name":"(anonymous_4)","decl":{"start":{"line":22,"column":2},"end":{"line":22,"column":3}},"loc":{"start":{"line":22,"column":16},"end":{"line":24,"column":3}},"line":22},"5":{"name":"(anonymous_5)","decl":{"start":{"line":25,"column":2},"end":{"line":25,"column":3}},"loc":{"start":{"line":25,"column":23},"end":{"line":30,"column":3}},"line":25}},"branchMap":{"0":{"loc":{"start":{"line":9,"column":4},"end":{"line":9,"column":20}},"type":"default-arg","locations":[{"start":{"line":9,"column":11},"end":{"line":9,"column":20}}],"line":9},"1":{"loc":{"start":{"line":26,"column":4},"end":{"line":28,"column":5}},"type":"if","locations":[{"start":{"line":26,"column":4},"end":{"line":28,"column":5}},{"start":{},"end":{}}],"line":26}},"s":{"0":1,"1":1,"2":1,"3":1,"4":1,"5":1,"6":1,"7":0,"8":1,"9":1,"10":1,"11":1,"12":1,"13":1},"f":{"0":1,"1":1,"2":1,"3":0,"4":1,"5":1},"b":{"0":[1],"1":[1,0]},"_coverageSchema":"1a1c01bbd47fc00a2c39e90264f33305004495a9","hash":"184c200c9f3ed3c39a94b8873bafd7a8b591a63d"}
,"D:\\NodeJs\\eCommerce\\api-server\\src\\helpers\\check.connect.js": {"path":"D:\\NodeJs\\eCommerce\\api-server\\src\\helpers\\check.connect.js","statementMap":{"0":{"start":{"line":1,"column":17},"end":{"line":1,"column":36}},"1":{"start":{"line":2,"column":11},"end":{"line":2,"column":24}},"2":{"start":{"line":3,"column":16},"end":{"line":3,"column":34}},"3":{"start":{"line":4,"column":17},"end":{"line":4,"column":21}},"4":{"start":{"line":7,"column":21},"end":{"line":10,"column":1}},"5":{"start":{"line":8,"column":14},"end":{"line":8,"column":41}},"6":{"start":{"line":9,"column":2},"end":{"line":9,"column":49}},"7":{"start":{"line":12,"column":22},"end":{"line":26,"column":1}},"8":{"start":{"line":13,"column":2},"end":{"line":25,"column":15}},"9":{"start":{"line":14,"column":26},"end":{"line":14,"column":53}},"10":{"start":{"line":15,"column":20},"end":{"line":15,"column":36}},"11":{"start":{"line":16,"column":24},"end":{"line":16,"column":49}},"12":{"start":{"line":19,"column":26},"end":{"line":19,"column":37}},"13":{"start":{"line":20,"column":4},"end":{"line":23,"column":5}},"14":{"start":{"line":21,"column":8},"end":{"line":21,"column":50}},"15":{"start":{"line":28,"column":0},"end":{"line":31,"column":2}}},"fnMap":{"0":{"name":"(anonymous_0)","decl":{"start":{"line":7,"column":21},"end":{"line":7,"column":22}},"loc":{"start":{"line":7,"column":27},"end":{"line":10,"column":1}},"line":7},"1":{"name":"(anonymous_1)","decl":{"start":{"line":12,"column":22},"end":{"line":12,"column":23}},"loc":{"start":{"line":12,"column":28},"end":{"line":26,"column":1}},"line":12},"2":{"name":"(anonymous_2)","decl":{"start":{"line":13,"column":14},"end":{"line":13,"column":15}},"loc":{"start":{"line":13,"column":20},"end":{"line":25,"column":3}},"line":13}},"branchMap":{"0":{"loc":{"start":{"line":20,"column":4},"end":{"line":23,"column":5}},"type":"if","locations":[{"start":{"line":20,"column":4},"end":{"line":23,"column":5}},{"start":{},"end":{}}],"line":20}},"s":{"0":1,"1":1,"2":1,"3":1,"4":1,"5":1,"6":1,"7":1,"8":0,"9":0,"10":0,"11":0,"12":0,"13":0,"14":0,"15":1},"f":{"0":1,"1":0,"2":0},"b":{"0":[0,0]},"_coverageSchema":"1a1c01bbd47fc00a2c39e90264f33305004495a9","hash":"3b36e952c883d30a7ded1a76cc37aa724cb61bf6"}
}
