TN:
SF:src\configs\index.js
FNF:0
FNH:0
DA:1,1
DA:27,1
DA:53,1
DA:54,1
DA:55,1
LF:5
LH:5
BRDA:4,0,0,1
BRDA:4,0,1,1
BRDA:5,1,0,1
BRDA:5,1,1,1
BRDA:7,2,0,1
BRDA:7,2,1,1
BRDA:8,3,0,1
BRDA:8,3,1,1
BRDA:10,4,0,1
BRDA:10,4,1,1
BRDA:11,5,0,1
BRDA:11,5,1,1
BRDA:13,6,0,1
BRDA:13,6,1,1
BRDA:30,7,0,1
BRDA:30,7,1,1
BRDA:31,8,0,1
BRDA:31,8,1,1
BRDA:33,9,0,1
BRDA:33,9,1,1
BRDA:34,10,0,1
BRDA:34,10,1,1
BRDA:36,11,0,1
BRDA:36,11,1,1
BRDA:37,12,0,1
BRDA:37,12,1,1
BRDA:39,13,0,1
BRDA:39,13,1,1
BRDA:54,14,0,1
BRDA:54,14,1,0
BRF:30
BRH:29
end_of_record
TN:
SF:src\dbs\init.mongodb.js
FN:4,(anonymous_0)
FN:8,(anonymous_1)
FN:16,(anonymous_2)
FN:20,(anonymous_3)
FN:22,(anonymous_4)
FN:25,(anonymous_5)
FNF:6
FNH:5
FNDA:1,(anonymous_0)
FNDA:1,(anonymous_1)
FNDA:1,(anonymous_2)
FNDA:0,(anonymous_3)
FNDA:1,(anonymous_4)
FNDA:1,(anonymous_5)
DA:1,1
DA:2,1
DA:12,1
DA:13,1
DA:14,1
DA:17,1
DA:18,1
DA:20,0
DA:23,1
DA:26,1
DA:27,1
DA:29,1
DA:33,1
DA:35,1
LF:14
LH:13
BRDA:9,0,0,1
BRDA:26,1,0,1
BRDA:26,1,1,0
BRF:3
BRH:2
end_of_record
TN:
SF:src\helpers\check.connect.js
FN:7,(anonymous_0)
FN:12,(anonymous_1)
FN:13,(anonymous_2)
FNF:3
FNH:1
FNDA:1,(anonymous_0)
FNDA:0,(anonymous_1)
FNDA:0,(anonymous_2)
DA:1,1
DA:2,1
DA:3,1
DA:4,1
DA:7,1
DA:8,1
DA:9,1
DA:12,1
DA:13,0
DA:14,0
DA:15,0
DA:16,0
DA:19,0
DA:20,0
DA:21,0
DA:28,1
LF:16
LH:9
BRDA:20,0,0,0
BRDA:20,0,1,0
BRF:2
BRH:0
end_of_record
